gpSample/build/outputs/logs/manifest-merger-debug-report.txt
-- Merging decision tree log ---
manifest
ADDED from src\main\AndroidManifest.xml:2:1-100:12
	package
		ADDED from src\main\AndroidManifest.xml:3:5-25
		INJECTED from src\main\AndroidManifest.xml
		INJECTED from src\main\AndroidManifest.xml
	android:versionName
		ADDED from src\main\AndroidManifest.xml:5:5-30
		INJECTED from src\main\AndroidManifest.xml
		INJECTED from src\main\AndroidManifest.xml
	android:versionCode
		ADDED from src\main\AndroidManifest.xml:4:5-28
		INJECTED from src\main\AndroidManifest.xml
		INJECTED from src\main\AndroidManifest.xml
	xmlns:android
		ADDED from src\main\AndroidManifest.xml:2:11-69
uses-sdk
ADDED from src\main\AndroidManifest.xml:7:5-9:41
	android:targetSdkVersion
		ADDED from src\main\AndroidManifest.xml:9:9-38
		INJECTED from src\main\AndroidManifest.xml
		INJECTED from src\main\AndroidManifest.xml
	android:minSdkVersion
		ADDED from src\main\AndroidManifest.xml:8:9-35
		INJECTED from src\main\AndroidManifest.xml
		INJECTED from src\main\AndroidManifest.xml
uses-permission#android.permission.INTERNET
ADDED from src\main\AndroidManifest.xml:11:5-67
	android:name
		ADDED from src\main\AndroidManifest.xml:11:22-64
uses-permission#android.permission.BLUETOOTH_ADMIN
ADDED from src\main\AndroidManifest.xml:12:5-74
	android:name
		ADDED from src\main\AndroidManifest.xml:12:22-71
uses-permission#android.permission.BLUETOOTH
ADDED from src\main\AndroidManifest.xml:13:5-68
	android:name
		ADDED from src\main\AndroidManifest.xml:13:22-65
uses-feature#android.hardware.usb.host
ADDED from src\main\AndroidManifest.xml:14:5-62
	android:name
		ADDED from src\main\AndroidManifest.xml:14:19-59
uses-permission#android.hardware.usb.accessory
ADDED from src\main\AndroidManifest.xml:15:5-70
	android:name
		ADDED from src\main\AndroidManifest.xml:15:22-67
uses-permission#android.permission.DEVICE_POWER
ADDED from src\main\AndroidManifest.xml:16:6-71
	android:name
		ADDED from src\main\AndroidManifest.xml:16:23-69
uses-permission#android.permission.WAKE_LOCK
ADDED from src\main\AndroidManifest.xml:17:5-67
	android:name
		ADDED from src\main\AndroidManifest.xml:17:22-65
uses-permission#android.permission.ACCESS_NETWORK_STATE
ADDED from src\main\AndroidManifest.xml:18:5-78
	android:name
		ADDED from src\main\AndroidManifest.xml:18:22-76
uses-permission#android.permission.WRITE_EXTERNAL_STORAGE
ADDED from src\main\AndroidManifest.xml:19:6-82
	android:name
		ADDED from src\main\AndroidManifest.xml:19:23-79
uses-permission#android.permission.MOUNT_UNMOUNT_FILESYSTEMS
ADDED from src\main\AndroidManifest.xml:20:5-84
	android:name
		ADDED from src\main\AndroidManifest.xml:20:22-81
application
ADDED from src\main\AndroidManifest.xml:23:5-98:19
	android:label
		ADDED from src\main\AndroidManifest.xml:26:9-41
	android:allowBackup
		ADDED from src\main\AndroidManifest.xml:24:9-35
	android:icon
		ADDED from src\main\AndroidManifest.xml:25:9-42
	android:theme
		ADDED from src\main\AndroidManifest.xml:27:9-40
activity#com.gprinter.sample.MainActivity
ADDED from src\main\AndroidManifest.xml:29:6-37:20
	android:label
		ADDED from src\main\AndroidManifest.xml:31:13-45
	android:name
		ADDED from src\main\AndroidManifest.xml:30:13-60
intent-filter#android.intent.action.MAIN+android.intent.category.LAUNCHER
ADDED from src\main\AndroidManifest.xml:32:13-36:29
action#android.intent.action.MAIN
ADDED from src\main\AndroidManifest.xml:33:17-69
	android:name
		ADDED from src\main\AndroidManifest.xml:33:25-66
category#android.intent.category.LAUNCHER
ADDED from src\main\AndroidManifest.xml:35:17-77
	android:name
		ADDED from src\main\AndroidManifest.xml:35:27-74
receiver#com.gprinter.sample.DeviceBootReceiver
ADDED from src\main\AndroidManifest.xml:39:9-43:20
	android:name
		ADDED from src\main\AndroidManifest.xml:39:19-72
intent-filter#android.intent.action.BOOT_COMPLETED
ADDED from src\main\AndroidManifest.xml:40:13-42:29
action#android.intent.action.BOOT_COMPLETED
ADDED from src\main\AndroidManifest.xml:41:17-79
	android:name
		ADDED from src\main\AndroidManifest.xml:41:25-76
activity#com.gprinter.sample.PrinterConnectDialog
ADDED from src\main\AndroidManifest.xml:45:9-62:20
	android:label
		ADDED from src\main\AndroidManifest.xml:47:13-45
	android:configChanges
		ADDED from src\main\AndroidManifest.xml:49:13-74
	android:theme
		ADDED from src\main\AndroidManifest.xml:48:13-55
	android:name
		ADDED from src\main\AndroidManifest.xml:46:13-68
intent-filter#android.hardware.usb.action.USB_DEVICE_ATTACHED
ADDED from src\main\AndroidManifest.xml:50:13-52:29
action#android.hardware.usb.action.USB_DEVICE_ATTACHED
ADDED from src\main\AndroidManifest.xml:51:17-90
	android:name
		ADDED from src\main\AndroidManifest.xml:51:25-87
intent-filter#android.hardware.usb.action.USB_DEVICE_DETACHED
ADDED from src\main\AndroidManifest.xml:53:13-55:29
action#android.hardware.usb.action.USB_DEVICE_DETACHED
ADDED from src\main\AndroidManifest.xml:54:17-90
	android:name
		ADDED from src\main\AndroidManifest.xml:54:25-87
meta-data#android.hardware.usb.action.USB_DEVICE_ATTACHED
ADDED from src\main\AndroidManifest.xml:56:13-58:57
	android:resource
		ADDED from src\main\AndroidManifest.xml:58:17-54
	android:name
		ADDED from src\main\AndroidManifest.xml:57:17-79
meta-data#android.hardware.usb.action.USB_DEVICE_DETACHED
ADDED from src\main\AndroidManifest.xml:59:13-61:57
	android:resource
		ADDED from src\main\AndroidManifest.xml:61:17-54
	android:name
		ADDED from src\main\AndroidManifest.xml:60:17-79
activity#com.gprinter.sample.PortConfigurationActivity
ADDED from src\main\AndroidManifest.xml:64:9-70:20
	android:label
		ADDED from src\main\AndroidManifest.xml:66:13-55
	android:configChanges
		ADDED from src\main\AndroidManifest.xml:68:13-74
	android:theme
		ADDED from src\main\AndroidManifest.xml:67:13-56
	android:name
		ADDED from src\main\AndroidManifest.xml:65:13-73
activity#com.gprinter.sample.BluetoothDeviceList
ADDED from src\main\AndroidManifest.xml:72:11-78:21
	android:label
		ADDED from src\main\AndroidManifest.xml:74:13-58
	android:configChanges
		ADDED from src\main\AndroidManifest.xml:76:13-74
	android:theme
		ADDED from src\main\AndroidManifest.xml:75:13-56
	android:name
		ADDED from src\main\AndroidManifest.xml:73:13-67
activity#com.gprinter.sample.UsbDeviceList
ADDED from src\main\AndroidManifest.xml:80:11-86:21
	android:label
		ADDED from src\main\AndroidManifest.xml:82:13-53
	android:configChanges
		ADDED from src\main\AndroidManifest.xml:84:13-74
	android:theme
		ADDED from src\main\AndroidManifest.xml:83:13-56
	android:name
		ADDED from src\main\AndroidManifest.xml:81:13-61
service#com.gprinter.service.GpPrintService
ADDED from src\main\AndroidManifest.xml:87:9-97:19
	android:enabled
		ADDED from src\main\AndroidManifest.xml:91:13-35
	android:process
		ADDED from src\main\AndroidManifest.xml:90:13-38
	android:label
		ADDED from src\main\AndroidManifest.xml:89:13-43
	android:exported
		ADDED from src\main\AndroidManifest.xml:92:13-36
	android:name
		ADDED from src\main\AndroidManifest.xml:88:13-63
intent-filter#com.gprinter.aidl.GpPrintService
ADDED from src\main\AndroidManifest.xml:94:13-96:29
action#com.gprinter.aidl.GpPrintService
ADDED from src\main\AndroidManifest.xml:95:17-75
	android:name
		ADDED from src\main\AndroidManifest.xml:95:25-72